#
# There is insufficient memory for the Java Runtime Environment to continue.
# Native memory allocation (mmap) failed to map 402653184 bytes for G1 virtual space
# Possible reasons:
#   The system is out of physical RAM or swap space
#   The process is running with CompressedOops enabled, and the Java Heap may be blocking the growth of the native heap
# Possible solutions:
#   Reduce memory load on the system
#   Increase physical memory or swap space
#   Check if swap backing store is full
#   Decrease Java heap size (-Xmx/-Xms)
#   Decrease number of Java threads
#   Decrease Java thread stack sizes (-Xss)
#   Set larger code cache with -XX:ReservedCodeCacheSize=
#   JVM is running with Zero Based Compressed Oops mode in which the Java heap is
#     placed in the first 32GB address space. The Java Heap base address is the
#     maximum limit for the native heap growth. Please use -XX:HeapBaseMinAddress
#     to set the Java Heap base and to place the Java Heap above 32GB virtual address.
# This output file may be truncated or incomplete.
#
#  Out of Memory Error (os_windows.cpp:3530), pid=24384, tid=21312
#
# JRE version:  (18.0.1+10) (build )
# Java VM: Java HotSpot(TM) 64-Bit Server VM (18.0.1+10-24, mixed mode, emulated-client, sharing, tiered, compressed oops, compressed class ptrs, g1 gc, windows-amd64)
# No core dump will be written. Minidumps are not enabled by default on client versions of Windows
#

---------------  S U M M A R Y ------------

Command Line: -agentlib:jdwp=transport=dt_socket,address=127.0.0.1:50824,suspend=y,server=n -XX:TieredStopAtLevel=1 -Dspring.output.ansi.enabled=always -Dcom.sun.management.jmxremote -Dspring.jmx.enabled=true -Dspring.liveBeansView.mbeanDomain -Dspring.application.admin.enabled=true -javaagent:C:\Users\donke\AppData\Local\JetBrains\IntelliJIdea2022.2\captureAgent\debugger-agent.jar -Dfile.encoding=UTF-8 -Dsun.stdout.encoding=UTF-8 -Dsun.stderr.encoding=UTF-8 com.example.demo.DemoApplication

Host: Intel(R) Core(TM) i7-9750H CPU @ 2.60GHz, 12 cores, 23G,  Windows 10 , 64 bit Build 19041 (10.0.19041.3393)
Time: Fri Oct 27 18:17:05 2023  Windows 10 , 64 bit Build 19041 (10.0.19041.3393) elapsed time: 0.055820 seconds (0d 0h 0m 0s)

---------------  T H R E A D  ---------------

Current thread (0x0000016d1b38aec0):  JavaThread "Unknown thread" [_thread_in_vm, id=21312, stack(0x0000006164e00000,0x0000006164f00000)]

Stack: [0x0000006164e00000,0x0000006164f00000]
Native frames: (J=compiled Java code, j=interpreted, Vv=VM code, C=native code)
V  [jvm.dll+0x69887a]
V  [jvm.dll+0x7f38bd]
V  [jvm.dll+0x7f51ce]
V  [jvm.dll+0x7f5883]
V  [jvm.dll+0x25ca3f]
V  [jvm.dll+0x6957c9]
V  [jvm.dll+0x68a2fa]
V  [jvm.dll+0x321efb]
V  [jvm.dll+0x3298d6]
V  [jvm.dll+0x37e47e]
V  [jvm.dll+0x37e6af]
V  [jvm.dll+0x2f9c7a]
V  [jvm.dll+0x2facdd]
V  [jvm.dll+0x7c24f0]
V  [jvm.dll+0x38b801]
V  [jvm.dll+0x7a1203]
V  [jvm.dll+0x40d6bf]
V  [jvm.dll+0x40f091]
C  [jli.dll+0x526b]
C  [ucrtbase.dll+0x21bb2]
C  [KERNEL32.DLL+0x17344]
C  [ntdll.dll+0x526b1]


---------------  P R O C E S S  ---------------

Threads class SMR info:
_java_thread_list=0x00007ff97ed3d550, length=0, elements={
}

Java Threads: ( => current thread )

Other Threads:
  0x0000016d1b41a300 WorkerThread "GC Thread#0" [stack: 0x0000006164f00000,0x0000006165000000] [id=19696]
  0x0000016d1b427fe0 ConcurrentGCThread "G1 Main Marker" [stack: 0x0000006165000000,0x0000006165100000] [id=3412]
  0x0000016d1b42a090 WorkerThread "G1 Conc#0" [stack: 0x0000006165100000,0x0000006165200000] [id=34436]

[error occurred during error reporting (printing all threads), id 0xc0000005, EXCEPTION_ACCESS_VIOLATION (0xc0000005) at pc=0x00007ff97e56a217]

VM state: not at safepoint (not fully initialized)

VM Mutex/Monitor currently owned by a thread:  ([mutex/lock_event])
[0x0000016d1b3850e0] Heap_lock - owner thread: 0x0000016d1b38aec0

Heap address: 0x0000000682c00000, size: 6100 MB, Compressed Oops mode: Zero based, Oop shift amount: 3

CDS archive(s) mapped at: [0x0000000000000000-0x0000000000000000-0x0000000000000000), size 0, SharedBaseAddress: 0x0000000800000000, ArchiveRelocationMode: 0.
Narrow klass base: 0x0000000000000000, Narrow klass shift: 0, Narrow klass range: 0x0

GC Precious Log:
 CardTable entry size: 512
 Card Set container configuration: InlinePtr #cards 4 size 8 Array Of Cards #cards 32 size 80 Howl #buckets 8 coarsen threshold 7372 Howl Bitmap #cards 1024 size 144 coarsen threshold 921 Card regions per heap region 1 cards per card region 8192

Heap:
 garbage-first heap   total 0K, used 0K [0x0000000682c00000, 0x0000000800000000)
  region size 4096K, 0 young (0K), 0 survivors (0K)

[error occurred during error reporting (printing heap information), id 0xc0000005, EXCEPTION_ACCESS_VIOLATION (0xc0000005) at pc=0x00007ff97e950cb9]

GC Heap History (0 events):
No events

Deoptimization events (0 events):
No events

Classes loaded (0 events):
No events

Classes unloaded (0 events):
No events

Classes redefined (0 events):
No events

Internal exceptions (0 events):
No events

VM Operations (0 events):
No events

Events (2 events):
Event: 0.016 Loaded shared library C:\Program Files\Java\jdk-18.0.1\bin\java.dll
Event: 0.017 Loaded shared library C:\Program Files\Java\jdk-18.0.1\bin\zip.dll


Dynamic libraries:
0x00007ff6fb4a0000 - 0x00007ff6fb4b0000 	C:\Program Files\Java\jdk-18.0.1\bin\java.exe
0x00007ff9cdb10000 - 0x00007ff9cdd08000 	C:\WINDOWS\SYSTEM32\ntdll.dll
0x00007ff9cd1e0000 - 0x00007ff9cd29d000 	C:\WINDOWS\System32\KERNEL32.DLL
0x00007ff9cb570000 - 0x00007ff9cb866000 	C:\WINDOWS\System32\KERNELBASE.dll
0x00007ff9cb1f0000 - 0x00007ff9cb2f0000 	C:\WINDOWS\System32\ucrtbase.dll
0x00007ff9c67a0000 - 0x00007ff9c67b8000 	C:\Program Files\Java\jdk-18.0.1\bin\jli.dll
0x00007ff9c6750000 - 0x00007ff9c676a000 	C:\Program Files\Java\jdk-18.0.1\bin\VCRUNTIME140.dll
0x00007ff9cc990000 - 0x00007ff9cca3e000 	C:\WINDOWS\System32\ADVAPI32.dll
0x00007ff9cc5c0000 - 0x00007ff9cc65e000 	C:\WINDOWS\System32\msvcrt.dll
0x00007ff9cbbc0000 - 0x00007ff9cbc5c000 	C:\WINDOWS\System32\sechost.dll
0x00007ff9cc850000 - 0x00007ff9cc976000 	C:\WINDOWS\System32\RPCRT4.dll
0x00007ff9cd040000 - 0x00007ff9cd1de000 	C:\WINDOWS\System32\USER32.dll
0x00007ff9cb4a0000 - 0x00007ff9cb4c2000 	C:\WINDOWS\System32\win32u.dll
0x00007ff9b40d0000 - 0x00007ff9b436a000 	C:\WINDOWS\WinSxS\amd64_microsoft.windows.common-controls_6595b64144ccf1df_6.0.19041.1110_none_60b5254171f9507e\COMCTL32.dll
0x00007ff9cd540000 - 0x00007ff9cd56c000 	C:\WINDOWS\System32\GDI32.dll
0x00007ff9cba50000 - 0x00007ff9cbb6a000 	C:\WINDOWS\System32\gdi32full.dll
0x00007ff9cb4d0000 - 0x00007ff9cb56d000 	C:\WINDOWS\System32\msvcp_win.dll
0x00007ff9c2d30000 - 0x00007ff9c2d3a000 	C:\WINDOWS\SYSTEM32\VERSION.dll
0x00007ff9cbb90000 - 0x00007ff9cbbc0000 	C:\WINDOWS\System32\IMM32.DLL
0x00007ff9c67d0000 - 0x00007ff9c67dc000 	C:\Program Files\Java\jdk-18.0.1\bin\vcruntime140_1.dll
0x00007ff9a8ee0000 - 0x00007ff9a8f6d000 	C:\Program Files\Java\jdk-18.0.1\bin\msvcp140.dll
0x00007ff97e260000 - 0x00007ff97ee70000 	C:\Program Files\Java\jdk-18.0.1\bin\server\jvm.dll
0x00007ff9cd980000 - 0x00007ff9cd988000 	C:\WINDOWS\System32\PSAPI.DLL
0x00007ff9c0330000 - 0x00007ff9c0339000 	C:\WINDOWS\SYSTEM32\WSOCK32.dll
0x00007ff9c1810000 - 0x00007ff9c1837000 	C:\WINDOWS\SYSTEM32\WINMM.dll
0x00007ff9cd2a0000 - 0x00007ff9cd30b000 	C:\WINDOWS\System32\WS2_32.dll
0x00007ff9c99d0000 - 0x00007ff9c99e2000 	C:\WINDOWS\SYSTEM32\kernel.appcore.dll
0x00007ff9c4d60000 - 0x00007ff9c4d6a000 	C:\Program Files\Java\jdk-18.0.1\bin\jimage.dll
0x00007ff9c96c0000 - 0x00007ff9c98a4000 	C:\WINDOWS\SYSTEM32\DBGHELP.DLL
0x00007ff9bed80000 - 0x00007ff9bedb4000 	C:\WINDOWS\SYSTEM32\dbgcore.DLL
0x00007ff9cb8a0000 - 0x00007ff9cb922000 	C:\WINDOWS\System32\bcryptPrimitives.dll
0x00007ff986b40000 - 0x00007ff986b7b000 	C:\Program Files\Java\jdk-18.0.1\bin\jdwp.dll
0x00007ff9c6c10000 - 0x00007ff9c6c1e000 	C:\Program Files\Java\jdk-18.0.1\bin\instrument.dll
0x00007ff9c4b50000 - 0x00007ff9c4b75000 	C:\Program Files\Java\jdk-18.0.1\bin\java.dll
0x00007ff9c45e0000 - 0x00007ff9c45f8000 	C:\Program Files\Java\jdk-18.0.1\bin\zip.dll

dbghelp: loaded successfully - version: 4.0.5 - missing functions: none
symbol engine: initialized successfully - sym options: 0x614 - pdb path: .;C:\Program Files\Java\jdk-18.0.1\bin;C:\WINDOWS\SYSTEM32;C:\WINDOWS\WinSxS\amd64_microsoft.windows.common-controls_6595b64144ccf1df_6.0.19041.1110_none_60b5254171f9507e;C:\Program Files\Java\jdk-18.0.1\bin\server

VM Arguments:
jvm_args: -agentlib:jdwp=transport=dt_socket,address=127.0.0.1:50824,suspend=y,server=n -XX:TieredStopAtLevel=1 -Dspring.output.ansi.enabled=always -Dcom.sun.management.jmxremote -Dspring.jmx.enabled=true -Dspring.liveBeansView.mbeanDomain -Dspring.application.admin.enabled=true -javaagent:C:\Users\donke\AppData\Local\JetBrains\IntelliJIdea2022.2\captureAgent\debugger-agent.jar -Dfile.encoding=UTF-8 -Dsun.stdout.encoding=UTF-8 -Dsun.stderr.encoding=UTF-8 
java_command: com.example.demo.DemoApplication
java_class_path (initial): D:\JavaProjects\private\demo\target\classes;C:\Users\donke\.m2\repository\org\springframework\boot\spring-boot-starter-web\3.1.5\spring-boot-starter-web-3.1.5.jar;C:\Users\donke\.m2\repository\org\springframework\boot\spring-boot-starter\3.1.5\spring-boot-starter-3.1.5.jar;C:\Users\donke\.m2\repository\org\springframework\boot\spring-boot\3.1.5\spring-boot-3.1.5.jar;C:\Users\donke\.m2\repository\org\springframework\boot\spring-boot-autoconfigure\3.1.5\spring-boot-autoconfigure-3.1.5.jar;C:\Users\donke\.m2\repository\org\springframework\boot\spring-boot-starter-logging\3.1.5\spring-boot-starter-logging-3.1.5.jar;C:\Users\donke\.m2\repository\ch\qos\logback\logback-classic\1.4.11\logback-classic-1.4.11.jar;C:\Users\donke\.m2\repository\ch\qos\logback\logback-core\1.4.11\logback-core-1.4.11.jar;C:\Users\donke\.m2\repository\org\apache\logging\log4j\log4j-to-slf4j\2.20.0\log4j-to-slf4j-2.20.0.jar;C:\Users\donke\.m2\repository\org\apache\logging\log4j\log4j-api\2.20.0\log4j-api-2.20.0.jar;C:\Users\donke\.m2\repository\org\slf4j\jul-to-slf4j\2.0.9\jul-to-slf4j-2.0.9.jar;C:\Users\donke\.m2\repository\jakarta\annotation\jakarta.annotation-api\2.1.1\jakarta.annotation-api-2.1.1.jar;C:\Users\donke\.m2\repository\org\yaml\snakeyaml\1.33\snakeyaml-1.33.jar;C:\Users\donke\.m2\repository\org\springframework\boot\spring-boot-starter-json\3.1.5\spring-boot-starter-json-3.1.5.jar;C:\Users\donke\.m2\repository\com\fasterxml\jackson\core\jackson-databind\2.15.3\jackson-databind-2.15.3.jar;C:\Users\donke\.m2\repository\com\fasterxml\jackson\core\jackson-annotations\2.15.3\jackson-annotations-2.15.3.jar;C:\Users\donke\.m2\repository\com\fasterxml\jackson\core\jackson-core\2.15.3\jackson-core-2.15.3.jar;C:\Users\donke\.m2\repository\com\fasterxml\jackson\datatype\jackson-datatype-jdk8\2.15.3\jackson-datatype-jdk8-2.15.3.jar;C:\Users\donke\.m2\repository\com\fasterxml\jackson\datatype\jackson-datatype-jsr310\2.15.3\jackson-datatype-jsr310-2.15.3.jar;C:\Users\donke\.m2\repository\com\fasterxml\jackson\module\jackson-module-parameter-names\2.15.3\jackson-module-parameter-names-2.15.3.jar;C:\Users\donke\.m2\repository\org\springframework\boot\spring-boot-starter-tomcat\3.1.5\spring-boot-starter-tomcat-3.1.5.jar;C:\Users\donke\.m2\repository\org\apache\tomcat\embed\tomcat-embed-core\10.1.15\tomcat-embed-core-10.1.15.jar;C:\Users\donke\.m2\repository\org\apache\tomcat\embed\tomcat-embed-el\10.1.15\tomcat-embed-el-10.1.15.jar;C:\Users\donke\.m2\repository\org\apache\tomcat\embed\tomcat-embed-websocket\10.1.15\tomcat-embed-websocket-10.1.15.jar;C:\Users\donke\.m2\repository\org\springframework\spring-web\6.0.13\spring-web-6.0.13.jar;C:\Users\donke\.m2\repository\org\springframework\spring-beans\6.0.13\spring-beans-6.0.13.jar;C:\Users\donke\.m2\repository\io\micrometer\micrometer-observation\1.11.5\micrometer-observation-1.11.5.jar;C:\Users\donke\.m2\repository\io\micrometer\micrometer-commons\1.11.5\micrometer-commons-1.11.5.jar;C:\Users\donke\.m2\repository\org\springframework\spring-webmvc\6.0.13\spring-webmvc-6.0.13.jar;C:\Users\donke\.m2\repository\org\springframework\spring-aop\6.0.13\spring-aop-6.0.13.jar;C:\Users\donke\.m2\repository\org\springframework\spring-context\6.0.13\spring-context-6.0.13.jar;C:\Users\donke\.m2\repository\org\springframework\spring-expression\6.0.13\spring-expression-6.0.13.jar;C:\Users\donke\.m2\repository\org\slf4j\slf4j-api\2.0.9\slf4j-api-2.0.9.jar;C:\Users\donke\.m2\repository\org\springframework\spring-core\6.0.13\spring-core-6.0.13.jar;C:\Users\donke\.m2\repository\org\springframework\spring-jcl\6.0.13\spring-jcl-6.0.13.jar;D:\Program Files\JetBrains\IntelliJ IDEA 2022.2.1\lib\idea_rt.jar
Launcher Type: SUN_STANDARD

[Global flags]
     intx CICompilerCount                          = 4                                         {product} {ergonomic}
     uint ConcGCThreads                            = 3                                         {product} {ergonomic}
     uint G1ConcRefinementThreads                  = 10                                        {product} {ergonomic}
   size_t G1HeapRegionSize                         = 4194304                                   {product} {ergonomic}
    uintx GCDrainStackTargetSize                   = 64                                        {product} {ergonomic}
   size_t InitialHeapSize                          = 402653184                                 {product} {ergonomic}
     bool ManagementServer                         = true                                      {product} {command line}
   size_t MarkStackSize                            = 4194304                                   {product} {ergonomic}
   size_t MaxHeapSize                              = 6396313600                                {product} {ergonomic}
   size_t MinHeapDeltaBytes                        = 4194304                                   {product} {ergonomic}
   size_t MinHeapSize                              = 8388608                                   {product} {ergonomic}
    uintx NonProfiledCodeHeapSize                  = 0                                      {pd product} {ergonomic}
     bool ProfileInterpreter                       = false                                  {pd product} {command line}
    uintx ProfiledCodeHeapSize                     = 0                                      {pd product} {ergonomic}
   size_t SoftMaxHeapSize                          = 6396313600                             {manageable} {ergonomic}
     intx TieredStopAtLevel                        = 1                                         {product} {command line}
     bool UseCompressedClassPointers               = true                           {product lp64_product} {ergonomic}
     bool UseCompressedOops                        = true                           {product lp64_product} {ergonomic}
     bool UseG1GC                                  = true                                      {product} {ergonomic}
     bool UseLargePagesIndividualAllocation        = false                                  {pd product} {ergonomic}

Logging:
Log output configuration:
 #0: stdout all=warning uptime,level,tags foldmultilines=false
 #1: stderr all=off uptime,level,tags foldmultilines=false

Environment Variables:
JAVA_HOME=C:\Program Files\Java\jdk-18.0.1
PATH=D:\Program Files\Python312\Scripts\;D:\Program Files\Python312\;C:\Program Files\Common Files\Oracle\Java\javapath;C:\Program Files (x86)\Common Files\Oracle\Java\javapath;C:\Windows\system32;C:\Windows;C:\Windows\System32\Wbem;C:\Windows\System32\WindowsPowerShell\v1.0\;C:\Windows\System32\OpenSSH\;C:\Program Files\Intel\WiFi\bin\;C:\Program Files\Common Files\Intel\WirelessCommon\;C:\Program Files (x86)\NVIDIA Corporation\PhysX\Common;C:\Program Files\NVIDIA Corporation\NVIDIA NvDLISR;C:\WINDOWS\system32;C:\WINDOWS;C:\WINDOWS\System32\Wbem;C:\WINDOWS\System32\WindowsPowerShell\v1.0\;C:\WINDOWS\System32\OpenSSH\;D:\devtools\apache-maven-3.8.6\bin;C:\Program Files\Java\jdk-18.0.1\bin;C:\Program Files\Git\cmd;C:\Program Files\dotnet\;D:\devtools\apache-maven-3.8.6\bin;C:\Program Files\Microsoft SQL Server\150\Tools\Binn\;C:\Program Files\Microsoft SQL Server\Client SDK\ODBC\170\Tools\Binn\;%AppData%\npm;D:\Program Files\nodejs;D:\Program Files (x86)\GitExtensions\;C:\Program Files\Docker\Docker\resources\bin;D:\Program Files\Python312;D:\Program Files\Python312\Scripts;C:\Users\donke\AppData\Local\Microsoft\WindowsApps;C:\Users\donke\.dotnet\tools;;D:\Users\donke\AppData\Local\Programs\Microsoft VS Code\bin
USERNAME=donke
OS=Windows_NT
PROCESSOR_IDENTIFIER=Intel64 Family 6 Model 158 Stepping 10, GenuineIntel



---------------  S Y S T E M  ---------------

OS:
 Windows 10 , 64 bit Build 19041 (10.0.19041.3393)
OS uptime: 15 days 4:07 hours
Hyper-V role detected

CPU: total 12 (initial active 12) (6 cores per cpu, 2 threads per core) family 6 model 158 stepping 10 microcode 0xf0, cx8, cmov, fxsr, ht, mmx, 3dnowpref, sse, sse2, sse3, ssse3, sse4.1, sse4.2, popcnt, lzcnt, tsc, tscinvbit, avx, avx2, aes, erms, clmul, bmi1, bmi2, adx, fma, vzeroupper, clflush, clflushopt, hv

Memory: 4k page, system-wide physical 24392M (2767M free)
TotalPageFile size 52396M (AvailPageFile size 248M)
current process WorkingSet (physical memory assigned to process): 11M, peak: 11M
current process commit charge ("private bytes"): 59M, peak: 443M

vm_info: Java HotSpot(TM) 64-Bit Server VM (18.0.1+10-24) for windows-amd64 JRE (18.0.1+10-24), built on Mar  9 2022 22:41:56 by "mach5one" with MS VC++ 16.8 / 16.9 (VS2019)

END.
